<?xml version="1.0" encoding="UTF-8"?>
<!-- Generated by org.testng.reporters.JUnitXMLReporter -->
<testsuite hostname="GUN-PC" name="Test1" tests="4" failures="0" timestamp="11 Feb 2015 11:10:19 GMT" time="4.909" errors="0">
  <testcase name="testLogin" time="1.919" classname="ru.st.selenium.Login"/>
  <testcase name="testAddFilm" time="0.883" classname="ru.st.selenium.AddFilm"/>
  <testcase name="testRemoveFilm" time="0.067" classname="ru.st.selenium.RemoveFilm"/>
  <testcase name="testLogout" time="0.277" classname="ru.st.selenium.Logout"/>
</testsuite> <!-- Test1 -->
